<?xml version="1.0" encoding="UTF-8"?>
<!-- Generated by org.testng.reporters.JUnitReportReporter -->
<testsuite skipped="0" hostname="DESKTOP-HHURL3J" name="flipkart_project.Flipkart_shopping" tests="1" failures="0" timestamp="19 Jun 2020 16:03:18 GMT" time="61.983" errors="0">
  <testcase name="shop" time="61.983" classname="flipkart_project.Flipkart_shopping"/>
</testsuite> <!-- flipkart_project.Flipkart_shopping -->
